<?xml version="1.0" encoding="UTF-8"?>
<!-- Generated by org.testng.reporters.JUnitReportReporter -->
<testsuite hostname="LAPTOP-L223DCMV" failures="0" tests="1" name="tests.ResumeBaseTest" time="21.300" errors="0" timestamp="2025-02-18T12:47:29 IST" skipped="0">
  <testcase classname="tests.ResumeBaseTest" name="testlogin" time="21.300"/>
  <system-out/>
</testsuite> <!-- tests.ResumeBaseTest -->
