<?xml version="1.0" encoding="UTF-8"?>
<!-- Generated by org.testng.reporters.JUnitReportReporter -->
<testsuite hostname="LAPTOP-L223DCMV" failures="0" tests="1" name="tests.ResumeBaseTest" time="19.538" errors="0" timestamp="2025-02-17T00:29:06 IST" skipped="0">
  <testcase classname="tests.ResumeBaseTest" name="testlogin" time="19.538"/>
  <system-out/>
</testsuite> <!-- tests.ResumeBaseTest -->
