<?xml version="1.0" encoding="UTF-8"?>
<!-- Generated by org.testng.reporters.JUnitReportReporter -->
<testsuite hostname="LAPTOP-L223DCMV" failures="0" tests="1" name="tests.ResumeBaseTest" time="18.749" errors="0" timestamp="2025-02-18T14:20:42 IST" skipped="0">
  <testcase classname="tests.ResumeBaseTest" name="testlogin" time="18.749"/>
  <system-out/>
</testsuite> <!-- tests.ResumeBaseTest -->
